  ex8.cpp
d:\back_git\2018_2_opengl\project2\project2\ex8.cpp(35): warning C4091: 'typedef ': 변수를 선언하지 않으면 'Color' 왼쪽은 무시됩니다.
d:\back_git\2018_2_opengl\project2\project2\ex8.cpp(59): warning C4091: 'typedef ': 변수를 선언하지 않으면 'Circle' 왼쪽은 무시됩니다.
d:\back_git\2018_2_opengl\project2\project2\ex8.cpp(66): warning C4326: 'main'의 반환 형식이 'int'이어야 하는데 'void'입니다.
d:\back_git\2018_2_opengl\project2\project2\ex8.cpp(95): warning C4244: '인수': 'time_t'에서 'unsigned int'(으)로 변환하면서 데이터가 손실될 수 있습니다.
d:\back_git\2018_2_opengl\project2\project2\ex8.cpp(117): warning C4244: '인수': 'LONG'에서 'GLfloat'(으)로 변환하면서 데이터가 손실될 수 있습니다.
d:\back_git\2018_2_opengl\project2\project2\ex8.cpp(116): warning C4244: '인수': 'LONG'에서 'GLfloat'(으)로 변환하면서 데이터가 손실될 수 있습니다.
d:\back_git\2018_2_opengl\project2\project2\ex8.cpp(121): warning C4244: '인수': 'LONG'에서 'GLfloat'(으)로 변환하면서 데이터가 손실될 수 있습니다.
d:\back_git\2018_2_opengl\project2\project2\ex8.cpp(120): warning C4244: '인수': 'LONG'에서 'GLfloat'(으)로 변환하면서 데이터가 손실될 수 있습니다.
d:\back_git\2018_2_opengl\project2\project2\ex8.cpp(193): warning C4244: '=': 'double'에서 'int'(으)로 변환하면서 데이터가 손실될 수 있습니다.
d:\back_git\2018_2_opengl\project2\project2\ex8.cpp(194): warning C4244: '=': 'double'에서 'LONG'(으)로 변환하면서 데이터가 손실될 수 있습니다.
d:\back_git\2018_2_opengl\project2\project2\ex8.cpp(195): warning C4244: '=': 'double'에서 'LONG'(으)로 변환하면서 데이터가 손실될 수 있습니다.
d:\back_git\2018_2_opengl\project2\project2\ex8.cpp(203): warning C4244: '=': 'double'에서 'int'(으)로 변환하면서 데이터가 손실될 수 있습니다.
d:\back_git\2018_2_opengl\project2\project2\ex8.cpp(205): warning C4244: '=': 'double'에서 'LONG'(으)로 변환하면서 데이터가 손실될 수 있습니다.
d:\back_git\2018_2_opengl\project2\project2\ex8.cpp(206): warning C4244: '=': 'double'에서 'LONG'(으)로 변환하면서 데이터가 손실될 수 있습니다.
d:\back_git\2018_2_opengl\project2\project2\ex8.cpp(229): warning C4244: '=': 'double'에서 'int'(으)로 변환하면서 데이터가 손실될 수 있습니다.
d:\back_git\2018_2_opengl\project2\project2\ex8.cpp(230): warning C4244: '=': 'double'에서 'LONG'(으)로 변환하면서 데이터가 손실될 수 있습니다.
d:\back_git\2018_2_opengl\project2\project2\ex8.cpp(231): warning C4244: '=': 'double'에서 'LONG'(으)로 변환하면서 데이터가 손실될 수 있습니다.
d:\back_git\2018_2_opengl\project2\project2\ex8.cpp(239): warning C4244: '=': 'double'에서 'int'(으)로 변환하면서 데이터가 손실될 수 있습니다.
d:\back_git\2018_2_opengl\project2\project2\ex8.cpp(241): warning C4244: '=': 'double'에서 'LONG'(으)로 변환하면서 데이터가 손실될 수 있습니다.
d:\back_git\2018_2_opengl\project2\project2\ex8.cpp(242): warning C4244: '=': 'double'에서 'LONG'(으)로 변환하면서 데이터가 손실될 수 있습니다.
  Project2.vcxproj -> D:\Back_git\2018_2_OpenGL\Project2\Debug\Project2.exe
